Determining if the include file in6addr.h exists failed with the following output:
Change Dir: /Volumes/CONNECT/Projects/TrinityCore/Testing/SlackRtm/libwebsockets/build/CMakeFiles/CMakeTmp

Run Build Command:"/opt/local/bin/gmake" "cmTC_e9dc3/fast"
gmake[1]: Entering directory '/Volumes/CONNECT/Projects/TrinityCore/Testing/SlackRtm/libwebsockets/build/CMakeFiles/CMakeTmp'
/opt/local/bin/gmake -f CMakeFiles/cmTC_e9dc3.dir/build.make CMakeFiles/cmTC_e9dc3.dir/build
gmake[2]: Entering directory '/Volumes/CONNECT/Projects/TrinityCore/Testing/SlackRtm/libwebsockets/build/CMakeFiles/CMakeTmp'
Building C object CMakeFiles/cmTC_e9dc3.dir/CheckIncludeFile.c.o
/Applications/Xcode.app/Contents/Developer/Toolchains/XcodeDefault.xctoolchain/usr/bin/cc  -DKEYWORD=__inline   -o CMakeFiles/cmTC_e9dc3.dir/CheckIncludeFile.c.o   -c /Volumes/CONNECT/Projects/TrinityCore/Testing/SlackRtm/libwebsockets/build/CMakeFiles/CMakeTmp/CheckIncludeFile.c
/Volumes/CONNECT/Projects/TrinityCore/Testing/SlackRtm/libwebsockets/build/CMakeFiles/CMakeTmp/CheckIncludeFile.c:1:10: fatal error: 'in6addr.h' file not found
#include <in6addr.h>
         ^
1 error generated.
CMakeFiles/cmTC_e9dc3.dir/build.make:65: recipe for target 'CMakeFiles/cmTC_e9dc3.dir/CheckIncludeFile.c.o' failed
gmake[2]: *** [CMakeFiles/cmTC_e9dc3.dir/CheckIncludeFile.c.o] Error 1
gmake[2]: Leaving directory '/Volumes/CONNECT/Projects/TrinityCore/Testing/SlackRtm/libwebsockets/build/CMakeFiles/CMakeTmp'
Makefile:126: recipe for target 'cmTC_e9dc3/fast' failed
gmake[1]: *** [cmTC_e9dc3/fast] Error 2
gmake[1]: Leaving directory '/Volumes/CONNECT/Projects/TrinityCore/Testing/SlackRtm/libwebsockets/build/CMakeFiles/CMakeTmp'


Determining if the include file sys/prctl.h exists failed with the following output:
Change Dir: /Volumes/CONNECT/Projects/TrinityCore/Testing/SlackRtm/libwebsockets/build/CMakeFiles/CMakeTmp

Run Build Command:"/opt/local/bin/gmake" "cmTC_2c09e/fast"
gmake[1]: Entering directory '/Volumes/CONNECT/Projects/TrinityCore/Testing/SlackRtm/libwebsockets/build/CMakeFiles/CMakeTmp'
/opt/local/bin/gmake -f CMakeFiles/cmTC_2c09e.dir/build.make CMakeFiles/cmTC_2c09e.dir/build
gmake[2]: Entering directory '/Volumes/CONNECT/Projects/TrinityCore/Testing/SlackRtm/libwebsockets/build/CMakeFiles/CMakeTmp'
Building C object CMakeFiles/cmTC_2c09e.dir/CheckIncludeFile.c.o
/Applications/Xcode.app/Contents/Developer/Toolchains/XcodeDefault.xctoolchain/usr/bin/cc  -DKEYWORD=__inline   -o CMakeFiles/cmTC_2c09e.dir/CheckIncludeFile.c.o   -c /Volumes/CONNECT/Projects/TrinityCore/Testing/SlackRtm/libwebsockets/build/CMakeFiles/CMakeTmp/CheckIncludeFile.c
/Volumes/CONNECT/Projects/TrinityCore/Testing/SlackRtm/libwebsockets/build/CMakeFiles/CMakeTmp/CheckIncludeFile.c:1:10: fatal error: 'sys/prctl.h' file not found
#include <sys/prctl.h>
         ^
1 error generated.
CMakeFiles/cmTC_2c09e.dir/build.make:65: recipe for target 'CMakeFiles/cmTC_2c09e.dir/CheckIncludeFile.c.o' failed
gmake[2]: *** [CMakeFiles/cmTC_2c09e.dir/CheckIncludeFile.c.o] Error 1
gmake[2]: Leaving directory '/Volumes/CONNECT/Projects/TrinityCore/Testing/SlackRtm/libwebsockets/build/CMakeFiles/CMakeTmp'
Makefile:126: recipe for target 'cmTC_2c09e/fast' failed
gmake[1]: *** [cmTC_2c09e/fast] Error 2
gmake[1]: Leaving directory '/Volumes/CONNECT/Projects/TrinityCore/Testing/SlackRtm/libwebsockets/build/CMakeFiles/CMakeTmp'


Determining if the include file vfork.h exists failed with the following output:
Change Dir: /Volumes/CONNECT/Projects/TrinityCore/Testing/SlackRtm/libwebsockets/build/CMakeFiles/CMakeTmp

Run Build Command:"/opt/local/bin/gmake" "cmTC_2d11c/fast"
gmake[1]: Entering directory '/Volumes/CONNECT/Projects/TrinityCore/Testing/SlackRtm/libwebsockets/build/CMakeFiles/CMakeTmp'
/opt/local/bin/gmake -f CMakeFiles/cmTC_2d11c.dir/build.make CMakeFiles/cmTC_2d11c.dir/build
gmake[2]: Entering directory '/Volumes/CONNECT/Projects/TrinityCore/Testing/SlackRtm/libwebsockets/build/CMakeFiles/CMakeTmp'
Building C object CMakeFiles/cmTC_2d11c.dir/CheckIncludeFile.c.o
/Applications/Xcode.app/Contents/Developer/Toolchains/XcodeDefault.xctoolchain/usr/bin/cc  -DKEYWORD=__inline   -o CMakeFiles/cmTC_2d11c.dir/CheckIncludeFile.c.o   -c /Volumes/CONNECT/Projects/TrinityCore/Testing/SlackRtm/libwebsockets/build/CMakeFiles/CMakeTmp/CheckIncludeFile.c
/Volumes/CONNECT/Projects/TrinityCore/Testing/SlackRtm/libwebsockets/build/CMakeFiles/CMakeTmp/CheckIncludeFile.c:1:10: fatal error: 'vfork.h' file not found
#include <vfork.h>
         ^
1 error generated.
CMakeFiles/cmTC_2d11c.dir/build.make:65: recipe for target 'CMakeFiles/cmTC_2d11c.dir/CheckIncludeFile.c.o' failed
gmake[2]: *** [CMakeFiles/cmTC_2d11c.dir/CheckIncludeFile.c.o] Error 1
gmake[2]: Leaving directory '/Volumes/CONNECT/Projects/TrinityCore/Testing/SlackRtm/libwebsockets/build/CMakeFiles/CMakeTmp'
Makefile:126: recipe for target 'cmTC_2d11c/fast' failed
gmake[1]: *** [cmTC_2d11c/fast] Error 2
gmake[1]: Leaving directory '/Volumes/CONNECT/Projects/TrinityCore/Testing/SlackRtm/libwebsockets/build/CMakeFiles/CMakeTmp'


